2022-05-19 10:13:10,144  INFO WorkerThread Start
2022-05-19 10:13:10,162 DEBUG MainThread STREAM b'IHDR' 16 13
2022-05-19 10:13:10,163 DEBUG MainThread STREAM b'IDAT' 41 8192
2022-05-19 10:13:10,613 DEBUG MainThread STREAM b'IHDR' 16 13
2022-05-19 10:13:10,613 DEBUG MainThread STREAM b'IDAT' 41 8192
2022-05-19 10:13:11,022 DEBUG MainThread STREAM b'IHDR' 16 13
2022-05-19 10:13:11,022 DEBUG MainThread STREAM b'IDAT' 41 8192
2022-05-19 10:13:11,499 DEBUG MainThread STREAM b'IHDR' 16 13
2022-05-19 10:13:11,500 DEBUG MainThread STREAM b'iCCP' 41 3181
2022-05-19 10:13:11,500 DEBUG MainThread iCCP profile name b'ICC Profile'
2022-05-19 10:13:11,500 DEBUG MainThread Compression method 0
2022-05-19 10:13:11,502 DEBUG MainThread STREAM b'eXIf' 3234 138
2022-05-19 10:13:11,502 DEBUG MainThread STREAM b'pHYs' 3384 9
2022-05-19 10:13:11,502 DEBUG MainThread STREAM b'iTXt' 3405 470
2022-05-19 10:13:11,502 DEBUG MainThread STREAM b'iDOT' 3887 28
2022-05-19 10:13:11,502 DEBUG MainThread b'iDOT' 3887 28 (unknown)
2022-05-19 10:13:11,503 DEBUG MainThread STREAM b'IDAT' 3927 16384
2022-05-19 10:13:11,598 DEBUG MainThread STREAM b'IHDR' 16 13
2022-05-19 10:13:11,598 DEBUG MainThread STREAM b'IDAT' 41 8192
2022-05-19 10:13:12,925 DEBUG MainThread STREAM b'IHDR' 16 13
2022-05-19 10:13:12,926 DEBUG MainThread STREAM b'iCCP' 41 3181
2022-05-19 10:13:12,926 DEBUG MainThread iCCP profile name b'ICC Profile'
2022-05-19 10:13:12,926 DEBUG MainThread Compression method 0
2022-05-19 10:13:12,926 DEBUG MainThread STREAM b'eXIf' 3234 138
2022-05-19 10:13:12,926 DEBUG MainThread STREAM b'pHYs' 3384 9
2022-05-19 10:13:12,926 DEBUG MainThread STREAM b'iTXt' 3405 470
2022-05-19 10:13:12,927 DEBUG MainThread STREAM b'iDOT' 3887 28
2022-05-19 10:13:12,927 DEBUG MainThread b'iDOT' 3887 28 (unknown)
2022-05-19 10:13:12,927 DEBUG MainThread STREAM b'IDAT' 3927 16384
2022-05-19 10:13:13,020 DEBUG MainThread STREAM b'IHDR' 16 13
2022-05-19 10:13:13,020 DEBUG MainThread STREAM b'IDAT' 41 8192
